<?xml version="1.0" encoding="UTF-8"?>
<!-- Generated by org.testng.reporters.JUnitReportReporter -->
<testsuite hostname="Deepsy" name="MMP.ScheduleAppt" tests="1" failures="0" timestamp="12 May 2020 01:04:23 GMT" time="21.987" errors="0">
  <testcase name="ApptDetails" time="21.987" classname="MMP.ScheduleAppt"/>
</testsuite> <!-- MMP.ScheduleAppt -->
