<?xml version="1.0" encoding="UTF-8"?>
<!-- Generated by org.testng.reporters.JUnitReportReporter -->
<testsuite hostname="Deepsy" name="org.h2k.findPatient" tests="1" failures="0" timestamp="24 Apr 2020 21:41:52 GMT" time="4.257" errors="0">
  <testcase name="findPatient" time="4.257" classname="org.h2k.findPatient"/>
</testsuite> <!-- org.h2k.findPatient -->
