<?xml version="1.0" encoding="UTF-8"?>
<!-- Generated by org.testng.reporters.JUnitReportReporter -->
<testsuite hostname="Deepsy" name="org.h2k.inpatientBreak" tests="1" failures="0" timestamp="1 May 2020 17:02:21 GMT" time="2.267" errors="0">
  <testcase name="navigateService" time="2.267" classname="org.h2k.inpatientBreak"/>
</testsuite> <!-- org.h2k.inpatientBreak -->
