<?xml version="1.0" encoding="UTF-8"?>
<!-- Generated by org.testng.reporters.JUnitReportReporter -->
<testsuite hostname="Deepsy" name="MMP.adminLogin" tests="1" failures="0" timestamp="6 May 2020 21:28:13 GMT" time="34.833" errors="0">
  <testcase name="createReport" time="34.833" classname="MMP.adminLogin"/>
</testsuite> <!-- MMP.adminLogin -->
