<?xml version="1.0" encoding="UTF-8"?>
<!-- Generated by org.testng.reporters.JUnitReportReporter -->
<testsuite hostname="Deepsy" name="MMP.ViewReport" tests="1" failures="0" timestamp="14 May 2020 01:01:30 GMT" time="32.715" errors="0">
  <testcase name="patientView" time="32.715" classname="MMP.ViewReport"/>
</testsuite> <!-- MMP.ViewReport -->
